0 info it worked if it ends with ok
1 verbose cli [ '/usr/local/bin/node',
1 verbose cli   '/usr/local/bin/npm',
1 verbose cli   'install',
1 verbose cli   '-g',
1 verbose cli   'nodemon' ]
2 info using npm@2.14.7
3 info using node@v4.2.2
4 verbose install initial load of /usr/local/lib/package.json
5 verbose readDependencies loading dependencies from /usr/local/lib/package.json
6 silly cache add args [ 'nodemon', null ]
7 verbose cache add spec nodemon
8 silly cache add parsed spec Result {
8 silly cache add   raw: 'nodemon',
8 silly cache add   scope: null,
8 silly cache add   name: 'nodemon',
8 silly cache add   rawSpec: '',
8 silly cache add   spec: '*',
8 silly cache add   type: 'range' }
9 silly addNamed nodemon@*
10 verbose addNamed "*" is a valid semver range for nodemon
11 silly addNameRange { name: 'nodemon', range: '*', hasData: false }
12 silly mapToRegistry name nodemon
13 silly mapToRegistry using default registry
14 silly mapToRegistry registry https://registry.npmjs.org/
15 silly mapToRegistry uri https://registry.npmjs.org/nodemon
16 verbose addNameRange registry:https://registry.npmjs.org/nodemon not in flight; fetching
17 verbose request uri https://registry.npmjs.org/nodemon
18 verbose request no auth needed
19 info attempt registry request try #1 at 1:52:30 PM
20 verbose request id 135b503476a28f72
21 verbose etag "770UY4K6D3S9DLWF81X0MIRJ5"
22 http request GET https://registry.npmjs.org/nodemon
23 http 200 https://registry.npmjs.org/nodemon
24 verbose headers { server: 'CouchDB/1.5.0 (Erlang OTP/R16B03)',
24 verbose headers   etag: '"3NVIWBUSLLFURDBR1D1YDA3OJ"',
24 verbose headers   'content-type': 'application/json',
24 verbose headers   'cache-control': 'max-age=300',
24 verbose headers   'content-length': '181899',
24 verbose headers   'accept-ranges': 'bytes',
24 verbose headers   date: 'Tue, 05 Jan 2016 17:52:29 GMT',
24 verbose headers   via: '1.1 varnish',
24 verbose headers   age: '251',
24 verbose headers   connection: 'keep-alive',
24 verbose headers   'x-served-by': 'cache-dfw1831-DFW',
24 verbose headers   'x-cache': 'HIT',
24 verbose headers   'x-cache-hits': '1',
24 verbose headers   'x-timer': 'S1452016349.789388,VS0,VE0',
24 verbose headers   vary: 'Accept' }
25 silly get cb [ 200,
25 silly get   { server: 'CouchDB/1.5.0 (Erlang OTP/R16B03)',
25 silly get     etag: '"3NVIWBUSLLFURDBR1D1YDA3OJ"',
25 silly get     'content-type': 'application/json',
25 silly get     'cache-control': 'max-age=300',
25 silly get     'content-length': '181899',
25 silly get     'accept-ranges': 'bytes',
25 silly get     date: 'Tue, 05 Jan 2016 17:52:29 GMT',
25 silly get     via: '1.1 varnish',
25 silly get     age: '251',
25 silly get     connection: 'keep-alive',
25 silly get     'x-served-by': 'cache-dfw1831-DFW',
25 silly get     'x-cache': 'HIT',
25 silly get     'x-cache-hits': '1',
25 silly get     'x-timer': 'S1452016349.789388,VS0,VE0',
25 silly get     vary: 'Accept' } ]
26 verbose get saving nodemon to /Users/allysonwhite/.npm/registry.npmjs.org/nodemon/.cache.json
27 silly addNameRange number 2 { name: 'nodemon', range: '*', hasData: true }
28 silly addNameRange versions [ 'nodemon',
28 silly addNameRange   [ '0.1.4',
28 silly addNameRange     '0.1.5',
28 silly addNameRange     '0.1.6',
28 silly addNameRange     '0.1.7',
28 silly addNameRange     '0.1.8',
28 silly addNameRange     '0.2.0',
28 silly addNameRange     '0.2.1',
28 silly addNameRange     '0.2.2',
28 silly addNameRange     '0.3.0',
28 silly addNameRange     '0.3.1',
28 silly addNameRange     '0.3.2',
28 silly addNameRange     '0.4.0',
28 silly addNameRange     '0.4.1',
28 silly addNameRange     '0.5.0',
28 silly addNameRange     '0.5.1',
28 silly addNameRange     '0.5.2',
28 silly addNameRange     '0.5.3',
28 silly addNameRange     '0.5.4',
28 silly addNameRange     '0.5.5',
28 silly addNameRange     '0.5.6',
28 silly addNameRange     '0.5.7',
28 silly addNameRange     '0.6.0',
28 silly addNameRange     '0.6.1',
28 silly addNameRange     '0.6.2',
28 silly addNameRange     '0.6.3',
28 silly addNameRange     '0.6.4',
28 silly addNameRange     '0.6.5',
28 silly addNameRange     '0.6.6',
28 silly addNameRange     '0.6.7',
28 silly addNameRange     '0.6.8',
28 silly addNameRange     '0.6.9',
28 silly addNameRange     '0.6.10',
28 silly addNameRange     '0.6.11',
28 silly addNameRange     '0.6.12',
28 silly addNameRange     '0.6.13',
28 silly addNameRange     '0.6.14',
28 silly addNameRange     '0.6.15',
28 silly addNameRange     '0.6.16',
28 silly addNameRange     '0.6.17',
28 silly addNameRange     '0.6.18',
28 silly addNameRange     '0.6.19',
28 silly addNameRange     '0.6.20',
28 silly addNameRange     '0.6.21',
28 silly addNameRange     '0.6.22',
28 silly addNameRange     '0.6.23',
28 silly addNameRange     '0.7.0',
28 silly addNameRange     '0.7.1',
28 silly addNameRange     '0.7.2',
28 silly addNameRange     '0.7.3',
28 silly addNameRange     '0.7.4',
28 silly addNameRange     '0.7.5',
28 silly addNameRange     '0.7.6',
28 silly addNameRange     '0.7.7',
28 silly addNameRange     '0.7.8',
28 silly addNameRange     '0.7.10',
28 silly addNameRange     '0.9.0',
28 silly addNameRange     '0.9.1',
28 silly addNameRange     '0.9.2',
28 silly addNameRange     '0.9.3',
28 silly addNameRange     '0.9.5',
28 silly addNameRange     '0.9.6',
28 silly addNameRange     '0.9.7',
28 silly addNameRange     '0.9.10',
28 silly addNameRange     '0.9.11',
28 silly addNameRange     '0.9.12',
28 silly addNameRange     '0.9.14',
28 silly addNameRange     '0.9.16',
28 silly addNameRange     '0.9.17',
28 silly addNameRange     '1.0.0',
28 silly addNameRange     '1.0.1',
28 silly addNameRange     '1.0.2',
28 silly addNameRange     '1.0.2-rc',
28 silly addNameRange     '0.6.10-a',
28 silly addNameRange     '1.0.2-rc3',
28 silly addNameRange     '1.0.2-rc4',
28 silly addNameRange     '1.0.3',
28 silly addNameRange     '1.0.4',
28 silly addNameRange     '1.0.5',
28 silly addNameRange     '1.0.6',
28 silly addNameRange     '1.0.7',
28 silly addNameRange     '1.0.8',
28 silly addNameRange     '1.0.9',
28 silly addNameRange     '1.0.10',
28 silly addNameRange     '1.0.11',
28 silly addNameRange     '1.0.12',
28 silly addNameRange     '1.0.13',
28 silly addNameRange     '1.0.14',
28 silly addNameRange     '1.0.15',
28 silly addNameRange     '1.0.16',
28 silly addNameRange     '1.0.17-rc1',
28 silly addNameRange     '1.0.17-rc2',
28 silly addNameRange     '1.0.17',
28 silly addNameRange     '1.0.18',
28 silly addNameRange     '1.0.19',
28 silly addNameRange     '1.0.20',
28 silly addNameRange     '1.1.0-alpha',
28 silly addNameRange     '1.1.0',
28 silly addNameRange     '1.1.1',
28 silly addNameRange     '1.2.0',
28 silly addNameRange     '1.2.1',
28 silly addNameRange     '1.3.0-0',
28 silly addNameRange     '1.3.0-1',
28 silly addNameRange     '1.3.0-2',
28 silly addNameRange     '1.3.0-3',
28 silly addNameRange     '1.3.0-4',
28 silly addNameRange     '1.3.0-5',
28 silly addNameRange     '1.3.0-6',
28 silly addNameRange     '1.3.0-7',
28 silly addNameRange     '1.3.0',
28 silly addNameRange     '1.3.1',
28 silly addNameRange     '1.3.2',
28 silly addNameRange     '1.3.3',
28 silly addNameRange     '1.3.5',
28 silly addNameRange     '1.3.6',
28 silly addNameRange     '1.3.7',
28 silly addNameRange     '1.3.8',
28 silly addNameRange     '1.4.0',
28 silly addNameRange     '1.4.1',
28 silly addNameRange     '1.5.0-alpha1',
28 silly addNameRange     '1.5.0-alpha2',
28 silly addNameRange     '1.5.0-alpha3',
28 silly addNameRange     '1.5.0-alpha4',
28 silly addNameRange     '1.4.2',
28 silly addNameRange     '1.5.0',
28 silly addNameRange     '1.5.1',
28 silly addNameRange     '1.6.0',
28 silly addNameRange     '1.6.1',
28 silly addNameRange     '1.7.0',
28 silly addNameRange     '1.7.1',
28 silly addNameRange     '1.7.2',
28 silly addNameRange     '1.7.3',
28 silly addNameRange     '1.8.0',
28 silly addNameRange     '1.8.1' ] ]
29 silly addNamed nodemon@1.8.1
30 verbose addNamed "1.8.1" is a plain semver version for nodemon
31 silly cache afterAdd nodemon@1.8.1
32 verbose afterAdd /Users/allysonwhite/.npm/nodemon/1.8.1/package/package.json not in flight; writing
33 verbose afterAdd /Users/allysonwhite/.npm/nodemon/1.8.1/package/package.json written
34 silly install resolved [ { name: 'nodemon',
34 silly install resolved     homepage: 'http://nodemon.io',
34 silly install resolved     author: { name: 'Remy Sharp', url: 'http://github.com/remy' },
34 silly install resolved     bin: { nodemon: './bin/nodemon.js' },
34 silly install resolved     engines: { node: '>=0.8' },
34 silly install resolved     repository: { type: 'git', url: 'git+https://github.com/remy/nodemon.git' },
34 silly install resolved     description: 'Simple monitor script for use during development of a node.js app.',
34 silly install resolved     keywords:
34 silly install resolved      [ 'monitor',
34 silly install resolved        'development',
34 silly install resolved        'restart',
34 silly install resolved        'autoload',
34 silly install resolved        'reload',
34 silly install resolved        'terminal' ],
34 silly install resolved     preferGlobal: 'true',
34 silly install resolved     license: 'MIT',
34 silly install resolved     main: './lib/nodemon',
34 silly install resolved     scripts:
34 silly install resolved      { coverage: 'istanbul cover _mocha -- --timeout 30000 --ui bdd --reporter list test/**/*.test.js',
34 silly install resolved        lint: 'jscs lib/**/*.js -v',
34 silly install resolved        ':spec': 'mocha --timeout 30000 --ui bdd test/**/*.test.js',
34 silly install resolved        test: 'npm run lint && npm run spec',
34 silly install resolved        spec: 'for FILE in test/**/*.test.js; do echo $FILE; ./node_modules/.bin/mocha --timeout 30000 $FILE; if [ $? -ne 0 ]; then exit 1; fi; sleep 1; done',
34 silly install resolved        web: 'node web',
34 silly install resolved        'semantic-release': 'semantic-release pre && npm publish && semantic-release post' },
34 silly install resolved     devDependencies:
34 silly install resolved      { async: '1.4.2',
34 silly install resolved        'coffee-script': '~1.7.1',
34 silly install resolved        connect: '~2.19.1',
34 silly install resolved        istanbul: '~0.2.10',
34 silly install resolved        jscs: '2.1.1',
34 silly install resolved        mocha: '2.3.3',
34 silly install resolved        should: '~4.0.0',
34 silly install resolved        'semantic-release': '4.3.5' },
34 silly install resolved     dependencies:
34 silly install resolved      { chokidar: '^1.2.0',
34 silly install resolved        debug: '^2.2.0',
34 silly install resolved        'es6-promise': '^3.0.2',
34 silly install resolved        'lodash.defaults': '^3.1.2',
34 silly install resolved        minimatch: '^3.0.0',
34 silly install resolved        'ps-tree': '^1.0.1',
34 silly install resolved        touch: '1.0.0',
34 silly install resolved        undefsafe: '0.0.3',
34 silly install resolved        'update-notifier': '0.5.0' },
34 silly install resolved     version: '1.8.1',
34 silly install resolved     gitHead: 'b292ae74b7c43407a52ce2d33d36ff218f4245ed',
34 silly install resolved     bugs: { url: 'https://github.com/remy/nodemon/issues' },
34 silly install resolved     _id: 'nodemon@1.8.1',
34 silly install resolved     _shasum: '75cfd7ac167e938cdab7313c839bc45a1859bb32',
34 silly install resolved     _from: 'nodemon@*',
34 silly install resolved     _npmVersion: '2.14.9',
34 silly install resolved     _nodeVersion: '4.2.1',
34 silly install resolved     _npmUser: { name: 'remy', email: 'remy@leftlogic.com' },
34 silly install resolved     dist:
34 silly install resolved      { shasum: '75cfd7ac167e938cdab7313c839bc45a1859bb32',
34 silly install resolved        tarball: 'http://registry.npmjs.org/nodemon/-/nodemon-1.8.1.tgz' },
34 silly install resolved     maintainers: [ [Object] ],
34 silly install resolved     directories: {},
34 silly install resolved     _resolved: 'https://registry.npmjs.org/nodemon/-/nodemon-1.8.1.tgz',
34 silly install resolved     readme: 'ERROR: No README data found!' } ]
35 info install nodemon@1.8.1 into /usr/local/lib
36 info installOne nodemon@1.8.1
37 verbose installOne of nodemon to /usr/local/lib not in flight; installing
38 verbose lock using /Users/allysonwhite/.npm/_locks/nodemon-49f7ed19e778991e.lock for /usr/local/lib/node_modules/nodemon
39 silly install write writing nodemon 1.8.1 to /usr/local/lib/node_modules/nodemon
40 verbose unbuild lib/node_modules/nodemon
41 info preuninstall nodemon@1.8.1
42 info uninstall nodemon@1.8.1
43 verbose unbuild rmStuff nodemon@1.8.1 from /usr/local/lib/node_modules
44 silly gentlyRm /usr/local/bin/nodemon is being gently removed
45 silly gentlyRm verifying /usr/local is an npm working directory
46 silly gentlyRm containing path /usr/local is under npm's control, in /usr/local
47 silly gentlyRm deletion target /usr/local/bin/nodemon is under /usr/local
48 verbose gentlyRm vacuuming from /usr/local/bin/nodemon up to /usr/local
49 silly vacuum-fs removing /usr/local/bin/nodemon
50 silly vacuum-fs quitting because other entries in /usr/local/bin
51 info postuninstall nodemon@1.8.1
52 silly gentlyRm /usr/local/lib/node_modules/nodemon is being purged from base /usr/local
53 verbose gentlyRm don't care about contents; nuking /usr/local/lib/node_modules/nodemon
54 silly vacuum-fs purging /usr/local/lib/node_modules/nodemon
55 verbose unlock done using /Users/allysonwhite/.npm/_locks/nodemon-49f7ed19e778991e.lock for /usr/local/lib/node_modules/nodemon
56 verbose stack Error: EACCES: permission denied, rmdir '/usr/local/lib/node_modules/nodemon'
56 verbose stack     at Error (native)
57 verbose cwd /Users/allysonwhite/Desktop/Projects/AuthNodeProject
58 error Darwin 15.0.0
59 error argv "/usr/local/bin/node" "/usr/local/bin/npm" "install" "-g" "nodemon"
60 error node v4.2.2
61 error npm  v2.14.7
62 error path /usr/local/lib/node_modules/nodemon
63 error code EACCES
64 error errno -13
65 error syscall rmdir
66 error Error: EACCES: permission denied, rmdir '/usr/local/lib/node_modules/nodemon'
66 error     at Error (native)
66 error  { [Error: EACCES: permission denied, rmdir '/usr/local/lib/node_modules/nodemon']
66 error   errno: -13,
66 error   code: 'EACCES',
66 error   syscall: 'rmdir',
66 error   path: '/usr/local/lib/node_modules/nodemon' }
67 error Please try running this command again as root/Administrator.
68 verbose exit [ -13, true ]
69 verbose unbuild lib/node_modules/nodemon
70 info preuninstall nodemon@1.8.1
71 info uninstall nodemon@1.8.1
72 verbose unbuild rmStuff nodemon@1.8.1 from /usr/local/lib/node_modules
73 silly gentlyRm /usr/local/bin/nodemon is being gently removed
74 silly gentlyRm verifying /usr/local is an npm working directory
75 silly gentlyRm containing path /usr/local is under npm's control, in /usr/local
76 silly gentlyRm deletion target /usr/local/bin/nodemon is under /usr/local
77 verbose gentlyRm vacuuming from /usr/local/bin/nodemon up to /usr/local
78 info postuninstall nodemon@1.8.1
79 silly gentlyRm /usr/local/lib/node_modules/nodemon is being purged from base /usr/local
80 verbose gentlyRm don't care about contents; nuking /usr/local/lib/node_modules/nodemon
81 silly vacuum-fs purging /usr/local/lib/node_modules/nodemon
82 error error rolling back Error: EACCES: permission denied, rmdir '/usr/local/lib/node_modules/nodemon'
82 error error rolling back     at Error (native)
82 error error rolling back  { [Error: EACCES: permission denied, rmdir '/usr/local/lib/node_modules/nodemon']
82 error error rolling back   errno: -13,
82 error error rolling back   code: 'EACCES',
82 error error rolling back   syscall: 'rmdir',
82 error error rolling back   path: '/usr/local/lib/node_modules/nodemon' }
